[2025-09-22T09:07:15.417Z] INFO: 開始處理 247 個需要geocoding的檢驗站
[2025-09-22T09:07:15.417Z] INFO: [1/247] A12 - 宏立機車事業有限公司 starting...
[2025-09-22T09:07:17.788Z] SUCCESS: [1/247] A12 - 宏立機車事業有限公司 ✅ done
[2025-09-22T09:07:18.790Z] INFO: [2/247] A15 - 群億車業商行 starting...
[2025-09-22T09:07:19.221Z] SUCCESS: [2/247] A15 - 群億車業商行 ✅ done
[2025-09-22T09:07:20.222Z] INFO: [3/247] A16 - 松春來車業有限公司 starting...
[2025-09-22T09:07:21.127Z] SUCCESS: [3/247] A16 - 松春來車業有限公司 ✅ done
[2025-09-22T09:07:22.129Z] INFO: [4/247] A17 - 國盛機車行 starting...
[2025-09-22T09:07:22.524Z] SUCCESS: [4/247] A17 - 國盛機車行 ✅ done
[2025-09-22T09:07:23.526Z] INFO: [5/247] A19 - 益隆車業有限公司 starting...
[2025-09-22T09:07:24.819Z] SUCCESS: [5/247] A19 - 益隆車業有限公司 ✅ done
[2025-09-22T09:07:25.821Z] INFO: [6/247] A20 - 台益機車有限公司 starting...
[2025-09-22T09:07:26.227Z] SUCCESS: [6/247] A20 - 台益機車有限公司 ✅ done
[2025-09-22T09:07:27.229Z] INFO: [7/247] A21 - 良陽國際有限公司 starting...
[2025-09-22T09:07:28.183Z] SUCCESS: [7/247] A21 - 良陽國際有限公司 ✅ done
[2025-09-22T09:07:29.184Z] INFO: [8/247] A22 - 加祥車業有限公司 starting...
[2025-09-22T09:07:29.612Z] SUCCESS: [8/247] A22 - 加祥車業有限公司 ✅ done
[2025-09-22T09:07:30.615Z] INFO: [9/247] A23 - 忠億車業有限公司 starting...
[2025-09-22T09:07:31.923Z] SUCCESS: [9/247] A23 - 忠億車業有限公司 ✅ done
[2025-09-22T09:07:32.925Z] INFO: [10/247] A24 - 順旺車業有限公司 starting...
[2025-09-22T09:07:33.436Z] SUCCESS: [10/247] A24 - 順旺車業有限公司 ✅ done
[2025-09-22T09:07:34.437Z] INFO: [11/247] A25 - 新協大車業有限公司 starting...
[2025-09-22T09:07:35.704Z] SUCCESS: [11/247] A25 - 新協大車業有限公司 ✅ done
[2025-09-22T09:07:36.705Z] INFO: [12/247] A26 - 大輝車業有限公司 starting...
[2025-09-22T09:07:37.203Z] SUCCESS: [12/247] A26 - 大輝車業有限公司 ✅ done
[2025-09-22T09:07:38.204Z] INFO: [13/247] A28 - 新三和機車行 starting...
[2025-09-22T09:07:39.598Z] SUCCESS: [13/247] A28 - 新三和機車行 ✅ done
[2025-09-22T09:07:40.600Z] INFO: [14/247] A29 - 日盛車業有限公司 starting...
[2025-09-22T09:07:41.091Z] SUCCESS: [14/247] A29 - 日盛車業有限公司 ✅ done
[2025-09-22T09:07:42.093Z] INFO: [15/247] A32 - 東龍旺車業有限公司 starting...
[2025-09-22T09:07:43.077Z] SUCCESS: [15/247] A32 - 東龍旺車業有限公司 ✅ done
[2025-09-22T09:07:44.078Z] INFO: [16/247] A33 - 得山車業有限公司 starting...
[2025-09-22T09:07:44.462Z] SUCCESS: [16/247] A33 - 得山車業有限公司 ✅ done
[2025-09-22T09:07:45.463Z] INFO: [17/247] A34 - 健立車業有限公司 starting...
[2025-09-22T09:07:46.835Z] SUCCESS: [17/247] A34 - 健立車業有限公司 ✅ done
[2025-09-22T09:07:47.836Z] INFO: [18/247] A35 - 永振億實業有限公司 starting...
[2025-09-22T09:07:48.257Z] SUCCESS: [18/247] A35 - 永振億實業有限公司 ✅ done
[2025-09-22T09:07:49.258Z] INFO: [19/247] A36 - 運輪機車行 starting...
[2025-09-22T09:07:50.597Z] SUCCESS: [19/247] A36 - 運輪機車行 ✅ done
[2025-09-22T09:07:51.599Z] INFO: [20/247] A37 - 弘展機車有限公司 starting...
[2025-09-22T09:07:52.027Z] SUCCESS: [20/247] A37 - 弘展機車有限公司 ✅ done
[2025-09-22T09:07:53.029Z] INFO: [21/247] A39 - 高旺企業股份有限公司 starting...
[2025-09-22T09:07:53.869Z] SUCCESS: [21/247] A39 - 高旺企業股份有限公司 ✅ done
[2025-09-22T09:07:54.870Z] INFO: [22/247] A40 - 福盛全有限公司 starting...
[2025-09-22T09:07:55.307Z] SUCCESS: [22/247] A40 - 福盛全有限公司 ✅ done
[2025-09-22T09:07:56.309Z] INFO: [23/247] A41 - 汶吉車業行 starting...
[2025-09-22T09:07:57.202Z] SUCCESS: [23/247] A41 - 汶吉車業行 ✅ done
[2025-09-22T09:07:58.203Z] INFO: [24/247] A42 - 聯螢車業有限公司 starting...
[2025-09-22T09:07:58.697Z] SUCCESS: [24/247] A42 - 聯螢車業有限公司 ✅ done
[2025-09-22T09:07:59.698Z] INFO: [25/247] A43 - 大仁車業有限公司 starting...
[2025-09-22T09:08:00.987Z] SUCCESS: [25/247] A43 - 大仁車業有限公司 ✅ done
[2025-09-22T09:08:01.988Z] INFO: [26/247] A45 - 松宏車業有限公司 starting...
[2025-09-22T09:08:02.440Z] SUCCESS: [26/247] A45 - 松宏車業有限公司 ✅ done
[2025-09-22T09:08:03.441Z] INFO: [27/247] A46 - 四維通車業有限公司 starting...
[2025-09-22T09:08:04.786Z] SUCCESS: [27/247] A46 - 四維通車業有限公司 ✅ done
[2025-09-22T09:08:05.788Z] INFO: [28/247] A47 - 展嘉輪業有限公司 starting...
[2025-09-22T09:08:06.210Z] SUCCESS: [28/247] A47 - 展嘉輪業有限公司 ✅ done
[2025-09-22T09:08:07.211Z] INFO: [29/247] A48 - 鋒權輪有限公司 starting...
[2025-09-22T09:08:08.089Z] SUCCESS: [29/247] A48 - 鋒權輪有限公司 ✅ done
[2025-09-22T09:08:09.091Z] INFO: [30/247] A49 - 盛昌機車行 starting...
[2025-09-22T09:08:09.565Z] SUCCESS: [30/247] A49 - 盛昌機車行 ✅ done
[2025-09-22T09:08:10.565Z] INFO: [31/247] A50 - 進山車業有限公司 starting...
[2025-09-22T09:08:11.900Z] SUCCESS: [31/247] A50 - 進山車業有限公司 ✅ done
[2025-09-22T09:08:12.901Z] INFO: [32/247] A51 - 良江企業有限公司 starting...
[2025-09-22T09:08:13.492Z] SUCCESS: [32/247] A51 - 良江企業有限公司 ✅ done
[2025-09-22T09:08:14.493Z] INFO: [33/247] A52 - 大旺車行 starting...
[2025-09-22T09:08:15.611Z] SUCCESS: [33/247] A52 - 大旺車行 ✅ done
[2025-09-22T09:08:16.613Z] INFO: [34/247] A53 - 后里車業有限公司 starting...
[2025-09-22T09:08:16.966Z] SUCCESS: [34/247] A53 - 后里車業有限公司 ✅ done
[2025-09-22T09:08:17.968Z] INFO: [35/247] A54 - 松大車業有限公司 starting...
[2025-09-22T09:08:18.815Z] SUCCESS: [35/247] A54 - 松大車業有限公司 ✅ done
[2025-09-22T09:08:19.817Z] INFO: [36/247] A55 - 隆大車業行 starting...
[2025-09-22T09:08:20.154Z] SUCCESS: [36/247] A55 - 隆大車業行 ✅ done
[2025-09-22T09:08:21.155Z] INFO: [37/247] A56 - 鉍勝車業有限公司 starting...
[2025-09-22T09:08:22.140Z] SUCCESS: [37/247] A56 - 鉍勝車業有限公司 ✅ done
[2025-09-22T09:08:23.141Z] INFO: [38/247] A57 - 忠豪車業有限公司 starting...
[2025-09-22T09:08:23.565Z] SUCCESS: [38/247] A57 - 忠豪車業有限公司 ✅ done
[2025-09-22T09:08:24.565Z] INFO: [39/247] A58 - 磬葉企業有限公司 starting...
[2025-09-22T09:08:25.464Z] SUCCESS: [39/247] A58 - 磬葉企業有限公司 ✅ done
[2025-09-22T09:08:26.465Z] INFO: [40/247] A59 - 良星車業有限公司 starting...
[2025-09-22T09:08:26.914Z] SUCCESS: [40/247] A59 - 良星車業有限公司 ✅ done
[2025-09-22T09:08:27.916Z] INFO: [41/247] A60 - 大華車業有限公司 starting...
[2025-09-22T09:08:29.249Z] SUCCESS: [41/247] A60 - 大華車業有限公司 ✅ done
[2025-09-22T09:08:30.250Z] INFO: [42/247] A71 - 中盛機車有限公司 starting...
[2025-09-22T09:08:30.811Z] SUCCESS: [42/247] A71 - 中盛機車有限公司 ✅ done
[2025-09-22T09:08:31.813Z] INFO: [43/247] A72 - 富偉機車行 starting...
[2025-09-22T09:08:32.666Z] SUCCESS: [43/247] A72 - 富偉機車行 ✅ done
[2025-09-22T09:08:33.667Z] INFO: [44/247] A73 - 力泰車業有限公司 starting...
[2025-09-22T09:08:33.990Z] SUCCESS: [44/247] A73 - 力泰車業有限公司 ✅ done
[2025-09-22T09:08:34.992Z] INFO: [45/247] A74 - 永生車業有限公司 starting...
[2025-09-22T09:08:36.341Z] SUCCESS: [45/247] A74 - 永生車業有限公司 ✅ done
[2025-09-22T09:08:37.342Z] INFO: [46/247] A75 - 長豐車業行 starting...
[2025-09-22T09:08:37.765Z] SUCCESS: [46/247] A75 - 長豐車業行 ✅ done
[2025-09-22T09:08:38.767Z] INFO: [47/247] A76 - 弘達車業有限公司 starting...
[2025-09-22T09:08:39.730Z] SUCCESS: [47/247] A76 - 弘達車業有限公司 ✅ done
[2025-09-22T09:08:40.732Z] INFO: [48/247] A77 - 金理車業有限公司 starting...
[2025-09-22T09:08:41.083Z] SUCCESS: [48/247] A77 - 金理車業有限公司 ✅ done
[2025-09-22T09:08:42.084Z] INFO: [49/247] A78 - 宏興車業有限公司 starting...
[2025-09-22T09:08:43.434Z] SUCCESS: [49/247] A78 - 宏興車業有限公司 ✅ done
[2025-09-22T09:08:44.436Z] INFO: [50/247] A79 - 車王二輪社 starting...
[2025-09-22T09:08:44.845Z] SUCCESS: [50/247] A79 - 車王二輪社 ✅ done
[2025-09-22T09:08:45.847Z] INFO: [51/247] A80 - 益揚車業有限公司 starting...
[2025-09-22T09:08:46.778Z] SUCCESS: [51/247] A80 - 益揚車業有限公司 ✅ done
[2025-09-22T09:08:47.779Z] INFO: [52/247] A81 - 農安機車有限公司 starting...
[2025-09-22T09:08:48.163Z] SUCCESS: [52/247] A81 - 農安機車有限公司 ✅ done
[2025-09-22T09:08:49.165Z] INFO: [53/247] A82 - 大昌機車有限公司 starting...
[2025-09-22T09:08:50.406Z] SUCCESS: [53/247] A82 - 大昌機車有限公司 ✅ done
[2025-09-22T09:08:51.408Z] INFO: [54/247] A83 - 展欣豪車業有限公司 starting...
[2025-09-22T09:08:51.895Z] SUCCESS: [54/247] A83 - 展欣豪車業有限公司 ✅ done
[2025-09-22T09:08:52.897Z] INFO: [55/247] A85 - 异城車業有限公司 starting...
[2025-09-22T09:08:53.793Z] SUCCESS: [55/247] A85 - 异城車業有限公司 ✅ done
[2025-09-22T09:08:54.794Z] INFO: [56/247] A86 - 達誠車業有限公司 starting...
[2025-09-22T09:08:55.257Z] SUCCESS: [56/247] A86 - 達誠車業有限公司 ✅ done
[2025-09-22T09:08:56.259Z] INFO: [57/247] A87 - 名佳車業行 starting...
[2025-09-22T09:08:58.551Z] SUCCESS: [57/247] A87 - 名佳車業行 ✅ done
[2025-09-22T09:08:59.553Z] INFO: [58/247] A88 - 慶發車業有限公司 starting...
[2025-09-22T09:08:59.961Z] SUCCESS: [58/247] A88 - 慶發車業有限公司 ✅ done
[2025-09-22T09:09:00.962Z] INFO: [59/247] A89 - 隆發車業有限公司 starting...
[2025-09-22T09:09:02.852Z] SUCCESS: [59/247] A89 - 隆發車業有限公司 ✅ done
[2025-09-22T09:09:03.853Z] INFO: [60/247] A90 - 春琳國際車業有限公司 starting...
[2025-09-22T09:09:04.252Z] SUCCESS: [60/247] A90 - 春琳國際車業有限公司 ✅ done
[2025-09-22T09:09:05.254Z] INFO: [61/247] A91 - 鳳翔車業行 starting...
[2025-09-22T09:09:06.541Z] SUCCESS: [61/247] A91 - 鳳翔車業行 ✅ done
[2025-09-22T09:09:07.542Z] INFO: [62/247] A92 - 元土車行 starting...
[2025-09-22T09:09:08.011Z] SUCCESS: [62/247] A92 - 元土車行 ✅ done
[2025-09-22T09:09:09.011Z] INFO: [63/247] A93 - 光輝機車行 starting...
[2025-09-22T09:09:11.339Z] SUCCESS: [63/247] A93 - 光輝機車行 ✅ done
[2025-09-22T09:09:12.339Z] INFO: [64/247] A95 - 順利機車行 starting...
[2025-09-22T09:09:13.194Z] SUCCESS: [64/247] A95 - 順利機車行 ✅ done
[2025-09-22T09:13:17.322Z] INFO: 開始處理 247 個需要geocoding的檢驗站
[2025-09-22T09:13:17.323Z] INFO: [1/247] A12 - 宏立機車事業有限公司 starting...
[2025-09-22T09:13:18.384Z] SUCCESS: [1/247] A12 - 宏立機車事業有限公司 ✅ done
[2025-09-22T09:13:19.386Z] INFO: [2/247] A15 - 群億車業商行 starting...
[2025-09-22T09:13:19.994Z] SUCCESS: [2/247] A15 - 群億車業商行 ✅ done
[2025-09-22T09:13:20.995Z] INFO: [3/247] A16 - 松春來車業有限公司 starting...
[2025-09-22T09:13:21.887Z] SUCCESS: [3/247] A16 - 松春來車業有限公司 ✅ done
[2025-09-22T09:13:22.889Z] INFO: [4/247] A17 - 國盛機車行 starting...
[2025-09-22T09:13:23.367Z] SUCCESS: [4/247] A17 - 國盛機車行 ✅ done
[2025-09-22T09:13:24.369Z] INFO: [5/247] A19 - 益隆車業有限公司 starting...
[2025-09-22T09:13:25.346Z] SUCCESS: [5/247] A19 - 益隆車業有限公司 ✅ done
[2025-09-22T09:13:26.348Z] INFO: [6/247] A20 - 台益機車有限公司 starting...
[2025-09-22T09:13:26.756Z] SUCCESS: [6/247] A20 - 台益機車有限公司 ✅ done
[2025-09-22T09:13:27.758Z] INFO: [7/247] A21 - 良陽國際有限公司 starting...
[2025-09-22T09:13:28.908Z] SUCCESS: [7/247] A21 - 良陽國際有限公司 ✅ done
[2025-09-22T09:13:29.909Z] INFO: [8/247] A22 - 加祥車業有限公司 starting...
[2025-09-22T09:13:30.435Z] SUCCESS: [8/247] A22 - 加祥車業有限公司 ✅ done
[2025-09-22T09:13:31.437Z] INFO: [9/247] A23 - 忠億車業有限公司 starting...
[2025-09-22T09:13:32.321Z] SUCCESS: [9/247] A23 - 忠億車業有限公司 ✅ done
[2025-09-22T09:13:33.323Z] INFO: [10/247] A24 - 順旺車業有限公司 starting...
[2025-09-22T09:13:33.880Z] SUCCESS: [10/247] A24 - 順旺車業有限公司 ✅ done
[2025-09-22T09:13:34.881Z] INFO: [11/247] A25 - 新協大車業有限公司 starting...
[2025-09-22T09:13:35.938Z] SUCCESS: [11/247] A25 - 新協大車業有限公司 ✅ done
[2025-09-22T09:13:36.938Z] INFO: [12/247] A26 - 大輝車業有限公司 starting...
[2025-09-22T09:13:37.555Z] SUCCESS: [12/247] A26 - 大輝車業有限公司 ✅ done
[2025-09-22T09:13:38.557Z] INFO: [13/247] A28 - 新三和機車行 starting...
[2025-09-22T09:13:40.032Z] SUCCESS: [13/247] A28 - 新三和機車行 ✅ done
[2025-09-22T09:13:41.034Z] INFO: [14/247] A29 - 日盛車業有限公司 starting...
[2025-09-22T09:13:41.581Z] SUCCESS: [14/247] A29 - 日盛車業有限公司 ✅ done
[2025-09-22T09:13:42.582Z] INFO: [15/247] A32 - 東龍旺車業有限公司 starting...
[2025-09-22T09:13:44.005Z] SUCCESS: [15/247] A32 - 東龍旺車業有限公司 ✅ done
[2025-09-22T09:13:45.006Z] INFO: [16/247] A33 - 得山車業有限公司 starting...
[2025-09-22T09:13:45.495Z] SUCCESS: [16/247] A33 - 得山車業有限公司 ✅ done
[2025-09-22T09:13:46.496Z] INFO: [17/247] A34 - 健立車業有限公司 starting...
[2025-09-22T09:13:47.941Z] SUCCESS: [17/247] A34 - 健立車業有限公司 ✅ done
[2025-09-22T09:13:48.941Z] INFO: [18/247] A35 - 永振億實業有限公司 starting...
[2025-09-22T09:13:49.359Z] SUCCESS: [18/247] A35 - 永振億實業有限公司 ✅ done
[2025-09-22T09:13:50.360Z] INFO: [19/247] A36 - 運輪機車行 starting...
[2025-09-22T09:13:51.732Z] SUCCESS: [19/247] A36 - 運輪機車行 ✅ done
[2025-09-22T09:13:52.734Z] INFO: [20/247] A37 - 弘展機車有限公司 starting...
[2025-09-22T09:13:53.152Z] SUCCESS: [20/247] A37 - 弘展機車有限公司 ✅ done
[2025-09-22T09:13:54.153Z] INFO: [21/247] A39 - 高旺企業股份有限公司 starting...
[2025-09-22T09:13:55.201Z] SUCCESS: [21/247] A39 - 高旺企業股份有限公司 ✅ done
[2025-09-22T09:13:56.202Z] INFO: [22/247] A40 - 福盛全有限公司 starting...
[2025-09-22T09:13:56.674Z] SUCCESS: [22/247] A40 - 福盛全有限公司 ✅ done
[2025-09-22T09:13:57.675Z] INFO: [23/247] A41 - 汶吉車業行 starting...
[2025-09-22T09:13:58.797Z] SUCCESS: [23/247] A41 - 汶吉車業行 ✅ done
[2025-09-22T09:13:59.799Z] INFO: [24/247] A42 - 聯螢車業有限公司 starting...
[2025-09-22T09:14:00.205Z] SUCCESS: [24/247] A42 - 聯螢車業有限公司 ✅ done
[2025-09-22T09:14:01.207Z] INFO: [25/247] A43 - 大仁車業有限公司 starting...
[2025-09-22T09:14:02.206Z] SUCCESS: [25/247] A43 - 大仁車業有限公司 ✅ done
[2025-09-22T09:14:03.207Z] INFO: [26/247] A45 - 松宏車業有限公司 starting...
[2025-09-22T09:14:03.816Z] SUCCESS: [26/247] A45 - 松宏車業有限公司 ✅ done
[2025-09-22T09:14:04.818Z] INFO: [27/247] A46 - 四維通車業有限公司 starting...
[2025-09-22T09:14:05.860Z] SUCCESS: [27/247] A46 - 四維通車業有限公司 ✅ done
[2025-09-22T09:14:06.861Z] INFO: [28/247] A47 - 展嘉輪業有限公司 starting...
[2025-09-22T09:14:07.254Z] SUCCESS: [28/247] A47 - 展嘉輪業有限公司 ✅ done
[2025-09-22T09:14:08.254Z] INFO: [29/247] A48 - 鋒權輪有限公司 starting...
[2025-09-22T09:14:09.553Z] SUCCESS: [29/247] A48 - 鋒權輪有限公司 ✅ done
[2025-09-22T09:14:10.555Z] INFO: [30/247] A49 - 盛昌機車行 starting...
[2025-09-22T09:14:11.073Z] SUCCESS: [30/247] A49 - 盛昌機車行 ✅ done
[2025-09-22T09:14:12.074Z] INFO: [31/247] A50 - 進山車業有限公司 starting...
[2025-09-22T09:14:13.134Z] SUCCESS: [31/247] A50 - 進山車業有限公司 ✅ done
[2025-09-22T09:14:14.135Z] INFO: [32/247] A51 - 良江企業有限公司 starting...
[2025-09-22T09:14:14.616Z] SUCCESS: [32/247] A51 - 良江企業有限公司 ✅ done
[2025-09-22T09:14:15.616Z] INFO: [33/247] A52 - 大旺車行 starting...
[2025-09-22T09:14:17.911Z] SUCCESS: [33/247] A52 - 大旺車行 ✅ done
[2025-09-22T09:14:18.911Z] INFO: [34/247] A53 - 后里車業有限公司 starting...
[2025-09-22T09:14:19.383Z] SUCCESS: [34/247] A53 - 后里車業有限公司 ✅ done
[2025-09-22T09:14:20.385Z] INFO: [35/247] A54 - 松大車業有限公司 starting...
[2025-09-22T09:14:21.264Z] SUCCESS: [35/247] A54 - 松大車業有限公司 ✅ done
[2025-09-22T09:14:22.266Z] INFO: [36/247] A55 - 隆大車業行 starting...
[2025-09-22T09:14:22.692Z] SUCCESS: [36/247] A55 - 隆大車業行 ✅ done
[2025-09-22T09:14:23.692Z] INFO: [37/247] A56 - 鉍勝車業有限公司 starting...
[2025-09-22T09:14:25.242Z] SUCCESS: [37/247] A56 - 鉍勝車業有限公司 ✅ done
[2025-09-22T09:14:26.242Z] INFO: [38/247] A57 - 忠豪車業有限公司 starting...
[2025-09-22T09:14:26.953Z] SUCCESS: [38/247] A57 - 忠豪車業有限公司 ✅ done
[2025-09-22T09:14:27.955Z] INFO: [39/247] A58 - 磬葉企業有限公司 starting...
[2025-09-22T09:14:29.295Z] SUCCESS: [39/247] A58 - 磬葉企業有限公司 ✅ done
[2025-09-22T09:14:30.296Z] INFO: [40/247] A59 - 良星車業有限公司 starting...
[2025-09-22T09:14:30.849Z] SUCCESS: [40/247] A59 - 良星車業有限公司 ✅ done
[2025-09-22T09:14:31.849Z] INFO: [41/247] A60 - 大華車業有限公司 starting...
[2025-09-22T09:14:32.807Z] SUCCESS: [41/247] A60 - 大華車業有限公司 ✅ done
[2025-09-22T09:14:33.809Z] INFO: [42/247] A71 - 中盛機車有限公司 starting...
[2025-09-22T09:14:34.539Z] SUCCESS: [42/247] A71 - 中盛機車有限公司 ✅ done
[2025-09-22T09:14:35.541Z] INFO: [43/247] A72 - 富偉機車行 starting...
[2025-09-22T09:14:36.587Z] SUCCESS: [43/247] A72 - 富偉機車行 ✅ done
[2025-09-22T09:14:37.589Z] INFO: [44/247] A73 - 力泰車業有限公司 starting...
[2025-09-22T09:14:37.973Z] SUCCESS: [44/247] A73 - 力泰車業有限公司 ✅ done
[2025-09-22T09:14:38.975Z] INFO: [45/247] A74 - 永生車業有限公司 starting...
[2025-09-22T09:14:40.379Z] SUCCESS: [45/247] A74 - 永生車業有限公司 ✅ done
[2025-09-22T09:14:41.381Z] INFO: [46/247] A75 - 長豐車業行 starting...
[2025-09-22T09:14:41.929Z] SUCCESS: [46/247] A75 - 長豐車業行 ✅ done
[2025-09-22T09:14:42.931Z] INFO: [47/247] A76 - 弘達車業有限公司 starting...
[2025-09-22T09:14:43.884Z] SUCCESS: [47/247] A76 - 弘達車業有限公司 ✅ done
[2025-09-22T09:14:44.885Z] INFO: [48/247] A77 - 金理車業有限公司 starting...
[2025-09-22T09:14:45.219Z] SUCCESS: [48/247] A77 - 金理車業有限公司 ✅ done
[2025-09-22T09:14:46.220Z] INFO: [49/247] A78 - 宏興車業有限公司 starting...
[2025-09-22T09:14:47.556Z] SUCCESS: [49/247] A78 - 宏興車業有限公司 ✅ done
[2025-09-22T09:14:48.557Z] INFO: [50/247] A79 - 車王二輪社 starting...
[2025-09-22T09:14:49.180Z] SUCCESS: [50/247] A79 - 車王二輪社 ✅ done
[2025-09-22T09:14:50.182Z] INFO: [51/247] A80 - 益揚車業有限公司 starting...
[2025-09-22T09:14:51.228Z] SUCCESS: [51/247] A80 - 益揚車業有限公司 ✅ done
[2025-09-22T09:14:52.230Z] INFO: [52/247] A81 - 農安機車有限公司 starting...
[2025-09-22T09:14:52.867Z] SUCCESS: [52/247] A81 - 農安機車有限公司 ✅ done
[2025-09-22T09:14:53.868Z] INFO: [53/247] A82 - 大昌機車有限公司 starting...
[2025-09-22T09:14:54.742Z] SUCCESS: [53/247] A82 - 大昌機車有限公司 ✅ done
[2025-09-22T09:14:55.743Z] INFO: [54/247] A83 - 展欣豪車業有限公司 starting...
[2025-09-22T09:14:56.348Z] SUCCESS: [54/247] A83 - 展欣豪車業有限公司 ✅ done
[2025-09-22T09:14:57.350Z] INFO: [55/247] A85 - 异城車業有限公司 starting...
[2025-09-22T09:14:58.806Z] SUCCESS: [55/247] A85 - 异城車業有限公司 ✅ done
[2025-09-22T09:14:59.807Z] INFO: [56/247] A86 - 達誠車業有限公司 starting...
[2025-09-22T09:15:00.652Z] SUCCESS: [56/247] A86 - 達誠車業有限公司 ✅ done
[2025-09-22T09:15:01.653Z] INFO: [57/247] A87 - 名佳車業行 starting...
[2025-09-22T09:15:02.845Z] SUCCESS: [57/247] A87 - 名佳車業行 ✅ done
[2025-09-22T09:15:03.846Z] INFO: [58/247] A88 - 慶發車業有限公司 starting...
[2025-09-22T09:15:04.540Z] SUCCESS: [58/247] A88 - 慶發車業有限公司 ✅ done
[2025-09-22T09:15:05.542Z] INFO: [59/247] A89 - 隆發車業有限公司 starting...
[2025-09-22T09:15:07.136Z] SUCCESS: [59/247] A89 - 隆發車業有限公司 ✅ done
[2025-09-22T09:15:08.138Z] INFO: [60/247] A90 - 春琳國際車業有限公司 starting...
[2025-09-22T09:15:08.841Z] SUCCESS: [60/247] A90 - 春琳國際車業有限公司 ✅ done
[2025-09-22T09:15:09.843Z] INFO: [61/247] A91 - 鳳翔車業行 starting...
[2025-09-22T09:15:11.217Z] SUCCESS: [61/247] A91 - 鳳翔車業行 ✅ done
[2025-09-22T09:15:12.219Z] INFO: [62/247] A92 - 元土車行 starting...
[2025-09-22T09:15:12.835Z] SUCCESS: [62/247] A92 - 元土車行 ✅ done
[2025-09-22T09:15:13.837Z] INFO: [63/247] A93 - 光輝機車行 starting...
[2025-09-22T09:15:14.880Z] SUCCESS: [63/247] A93 - 光輝機車行 ✅ done
[2025-09-22T09:15:15.882Z] INFO: [64/247] A95 - 順利機車行 starting...
[2025-09-22T09:15:16.294Z] SUCCESS: [64/247] A95 - 順利機車行 ✅ done
[2025-09-22T09:15:17.296Z] INFO: [65/247] A96 - 拓源機車行 starting...
[2025-09-22T09:15:18.206Z] SUCCESS: [65/247] A96 - 拓源機車行 ✅ done
[2025-09-22T09:15:19.207Z] INFO: [66/247] A97 - 東和機車行 starting...
[2025-09-22T09:15:20.647Z] SUCCESS: [66/247] A97 - 東和機車行 ✅ done
[2025-09-22T09:15:21.648Z] INFO: [67/247] A98 - 祥騰機車行 starting...
[2025-09-22T09:15:22.953Z] SUCCESS: [67/247] A98 - 祥騰機車行 ✅ done
[2025-09-22T09:15:23.954Z] INFO: [68/247] A99 - 威烝車業行 starting...
[2025-09-22T09:15:24.393Z] SUCCESS: [68/247] A99 - 威烝車業行 ✅ done
[2025-09-22T09:15:25.394Z] INFO: [69/247] AA0 - 騰暉車業行 starting...
[2025-09-22T09:15:26.707Z] SUCCESS: [69/247] AA0 - 騰暉車業行 ✅ done
[2025-09-22T09:15:27.707Z] INFO: [70/247] AA1 - 弘偉車業有限公司 starting...
[2025-09-22T09:15:28.090Z] SUCCESS: [70/247] AA1 - 弘偉車業有限公司 ✅ done
[2025-09-22T09:15:29.091Z] INFO: [71/247] AA2 - 雄大車業行 starting...
[2025-09-22T09:15:30.024Z] SUCCESS: [71/247] AA2 - 雄大車業行 ✅ done
[2025-09-22T09:15:31.025Z] INFO: [72/247] AA4 - 和峰車業有限公司 starting...
[2025-09-22T09:15:31.367Z] SUCCESS: [72/247] AA4 - 和峰車業有限公司 ✅ done
[2025-09-22T09:15:32.368Z] INFO: [73/247] AA5 - 重輪車業有限公司 starting...
[2025-09-22T09:15:33.369Z] SUCCESS: [73/247] AA5 - 重輪車業有限公司 ✅ done
[2025-09-22T09:15:34.371Z] INFO: [74/247] AA7 - 日星車業行 starting...
[2025-09-22T09:15:34.728Z] SUCCESS: [74/247] AA7 - 日星車業行 ✅ done
[2025-09-22T09:15:35.729Z] INFO: [75/247] AA8 - 亞帝車業有限公司 starting...
[2025-09-22T09:15:36.984Z] SUCCESS: [75/247] AA8 - 亞帝車業有限公司 ✅ done
[2025-09-22T09:15:37.986Z] INFO: [76/247] AA9 - 尚益車業有限公司 starting...
[2025-09-22T09:15:38.349Z] SUCCESS: [76/247] AA9 - 尚益車業有限公司 ✅ done
[2025-09-22T09:15:39.351Z] INFO: [77/247] AB0 - 新光機車行 starting...
[2025-09-22T09:15:40.309Z] SUCCESS: [77/247] AB0 - 新光機車行 ✅ done
[2025-09-22T09:15:41.311Z] INFO: [78/247] AB1 - 千翔車業行 starting...
[2025-09-22T09:15:41.763Z] SUCCESS: [78/247] AB1 - 千翔車業行 ✅ done
[2025-09-22T09:15:42.764Z] INFO: [79/247] AB2 - 佳昇機車行 starting...
[2025-09-22T09:15:43.654Z] SUCCESS: [79/247] AB2 - 佳昇機車行 ✅ done
[2025-09-22T09:15:44.655Z] INFO: [80/247] AB3 - 吉安運動器材有限公司 starting...
[2025-09-22T09:15:45.027Z] SUCCESS: [80/247] AB3 - 吉安運動器材有限公司 ✅ done
[2025-09-22T09:15:46.029Z] INFO: [81/247] AB4 - 春崇車業行 starting...
[2025-09-22T09:15:47.271Z] SUCCESS: [81/247] AB4 - 春崇車業行 ✅ done
[2025-09-22T09:15:48.272Z] INFO: [82/247] AB6 - 儀弘機車行 starting...
[2025-09-22T09:15:48.696Z] SUCCESS: [82/247] AB6 - 儀弘機車行 ✅ done
[2025-09-22T09:15:49.697Z] INFO: [83/247] AB7 - 高陞機車行 starting...
[2025-09-22T09:15:50.648Z] SUCCESS: [83/247] AB7 - 高陞機車行 ✅ done
[2025-09-22T09:15:51.650Z] INFO: [84/247] AB8 - 瑞明機車行 starting...
[2025-09-22T09:15:52.098Z] SUCCESS: [84/247] AB8 - 瑞明機車行 ✅ done
[2025-09-22T09:15:53.100Z] INFO: [85/247] AB9 - 三育機車有限公司 starting...
[2025-09-22T09:15:54.421Z] SUCCESS: [85/247] AB9 - 三育機車有限公司 ✅ done
[2025-09-22T09:15:55.423Z] INFO: [86/247] AC0 - 欣利機車有限公司 starting...
[2025-09-22T09:15:55.883Z] SUCCESS: [86/247] AC0 - 欣利機車有限公司 ✅ done
[2025-09-22T09:15:56.884Z] INFO: [87/247] AC1 - 鑫東園車業有限公司 starting...
[2025-09-22T09:15:57.780Z] SUCCESS: [87/247] AC1 - 鑫東園車業有限公司 ✅ done
[2025-09-22T09:15:58.781Z] INFO: [88/247] AC2 - 葉山車行 starting...
[2025-09-22T09:15:59.134Z] SUCCESS: [88/247] AC2 - 葉山車行 ✅ done
[2025-09-22T09:16:00.136Z] INFO: [89/247] AC3 - 尚億車業有限公司 starting...
[2025-09-22T09:16:01.621Z] SUCCESS: [89/247] AC3 - 尚億車業有限公司 ✅ done
[2025-09-22T09:16:02.623Z] INFO: [90/247] AC4 - 盟業車業行 starting...
[2025-09-22T09:16:03.077Z] SUCCESS: [90/247] AC4 - 盟業車業行 ✅ done
[2025-09-22T09:16:04.078Z] INFO: [91/247] AC5 - 好發達車業 starting...
[2025-09-22T09:16:05.046Z] SUCCESS: [91/247] AC5 - 好發達車業 ✅ done
[2025-09-22T09:16:06.048Z] INFO: [92/247] AC6 - 新天母機車行 starting...
[2025-09-22T09:16:06.452Z] SUCCESS: [92/247] AC6 - 新天母機車行 ✅ done
[2025-09-22T09:16:07.454Z] INFO: [93/247] AC7 - 銘豐機車行 starting...
[2025-09-22T09:16:08.759Z] SUCCESS: [93/247] AC7 - 銘豐機車行 ✅ done
[2025-09-22T09:16:09.761Z] INFO: [94/247] AC8 - 小緯機車行 starting...
[2025-09-22T09:16:10.215Z] SUCCESS: [94/247] AC8 - 小緯機車行 ✅ done
[2025-09-22T09:16:11.215Z] INFO: [95/247] AC9 - 旭宏車業行 starting...
[2025-09-22T09:16:12.551Z] SUCCESS: [95/247] AC9 - 旭宏車業行 ✅ done
[2025-09-22T09:16:13.553Z] INFO: [96/247] AD1 - 東貿機車有限公司 starting...
[2025-09-22T09:16:13.989Z] SUCCESS: [96/247] AD1 - 東貿機車有限公司 ✅ done
[2025-09-22T09:16:14.990Z] INFO: [97/247] AD2 - 德剛車行有限公司 starting...
[2025-09-22T09:16:16.424Z] SUCCESS: [97/247] AD2 - 德剛車行有限公司 ✅ done
[2025-09-22T09:16:17.425Z] INFO: [98/247] AD3 - 偉恆有限公司 starting...
[2025-09-22T09:16:17.915Z] SUCCESS: [98/247] AD3 - 偉恆有限公司 ✅ done
[2025-09-22T09:16:18.916Z] INFO: [99/247] AD4 - 世輪機車行 starting...
[2025-09-22T09:16:19.976Z] SUCCESS: [99/247] AD4 - 世輪機車行 ✅ done
[2025-09-22T09:16:20.977Z] INFO: [100/247] AD5 - 日昇機車行 starting...
[2025-09-22T09:16:21.437Z] SUCCESS: [100/247] AD5 - 日昇機車行 ✅ done
[2025-09-22T09:16:22.439Z] INFO: [101/247] AD6 - 宏淞車業有限公司 starting...
[2025-09-22T09:16:23.739Z] SUCCESS: [101/247] AD6 - 宏淞車業有限公司 ✅ done
[2025-09-22T09:16:24.740Z] INFO: [102/247] AD7 - 正倫車業行 starting...
[2025-09-22T09:16:25.208Z] SUCCESS: [102/247] AD7 - 正倫車業行 ✅ done
[2025-09-22T09:16:26.210Z] INFO: [103/247] AD8 - 金展機車行 starting...
[2025-09-22T09:16:27.540Z] SUCCESS: [103/247] AD8 - 金展機車行 ✅ done
[2025-09-22T09:16:28.540Z] INFO: [104/247] AD9 - 聯耀機車行 starting...
[2025-09-22T09:16:28.993Z] SUCCESS: [104/247] AD9 - 聯耀機車行 ✅ done
[2025-09-22T09:16:29.995Z] INFO: [105/247] AF1 - 唭哩岸機車行 starting...
[2025-09-22T09:16:30.946Z] SUCCESS: [105/247] AF1 - 唭哩岸機車行 ✅ done
[2025-09-22T09:16:31.948Z] INFO: [106/247] AF2 - 昇輪機車行 starting...
[2025-09-22T09:16:32.292Z] SUCCESS: [106/247] AF2 - 昇輪機車行 ✅ done
[2025-09-22T09:16:33.293Z] INFO: [107/247] AF3 - 友順機車行 starting...
[2025-09-22T09:16:34.118Z] SUCCESS: [107/247] AF3 - 友順機車行 ✅ done
[2025-09-22T09:16:35.120Z] INFO: [108/247] AF5 - 巨揚機車行 starting...
[2025-09-22T09:16:35.784Z] SUCCESS: [108/247] AF5 - 巨揚機車行 ✅ done
[2025-09-22T09:16:36.784Z] INFO: [109/247] AF6 - 信全車業有限公司 starting...
[2025-09-22T09:16:38.097Z] SUCCESS: [109/247] AF6 - 信全車業有限公司 ✅ done
[2025-09-22T09:16:39.099Z] INFO: [110/247] AF8 - 立豐機車行 starting...
[2025-09-22T09:16:39.577Z] SUCCESS: [110/247] AF8 - 立豐機車行 ✅ done
[2025-09-22T09:16:40.579Z] INFO: [111/247] AF9 - 國祥機車行 starting...
[2025-09-22T09:16:41.444Z] SUCCESS: [111/247] AF9 - 國祥機車行 ✅ done
[2025-09-22T09:16:42.445Z] INFO: [112/247] AG0 - 葉陽車業行 starting...
[2025-09-22T09:16:42.827Z] SUCCESS: [112/247] AG0 - 葉陽車業行 ✅ done
[2025-09-22T09:16:43.829Z] INFO: [113/247] AG1 - 通龍車業行 starting...
[2025-09-22T09:16:44.802Z] SUCCESS: [113/247] AG1 - 通龍車業行 ✅ done
[2025-09-22T09:16:45.803Z] INFO: [114/247] AG2 - 大發車業 starting...
[2025-09-22T09:16:46.208Z] SUCCESS: [114/247] AG2 - 大發車業 ✅ done
[2025-09-22T09:16:47.208Z] INFO: [115/247] AG3 - 崑宏機車行 starting...
[2025-09-22T09:16:48.163Z] SUCCESS: [115/247] AG3 - 崑宏機車行 ✅ done
[2025-09-22T09:16:49.165Z] INFO: [116/247] AG4 - 大慶機車材料行 starting...
[2025-09-22T09:16:49.525Z] SUCCESS: [116/247] AG4 - 大慶機車材料行 ✅ done
[2025-09-22T09:16:50.527Z] INFO: [117/247] AG5 - 東勝機車行 starting...
[2025-09-22T09:16:51.402Z] SUCCESS: [117/247] AG5 - 東勝機車行 ✅ done
[2025-09-22T09:16:52.404Z] INFO: [118/247] AG7 - 益群車業有限公司 starting...
[2025-09-22T09:16:52.807Z] SUCCESS: [118/247] AG7 - 益群車業有限公司 ✅ done
[2025-09-22T09:16:53.809Z] INFO: [119/247] AG8 - 民豐機車行 starting...
[2025-09-22T09:16:55.165Z] SUCCESS: [119/247] AG8 - 民豐機車行 ✅ done
[2025-09-22T09:16:56.166Z] INFO: [120/247] AG9 - 政賢機車行 starting...
[2025-09-22T09:16:56.529Z] SUCCESS: [120/247] AG9 - 政賢機車行 ✅ done
[2025-09-22T09:16:57.531Z] INFO: [121/247] AH2 - 億林機車行 starting...
[2025-09-22T09:16:58.666Z] SUCCESS: [121/247] AH2 - 億林機車行 ✅ done
[2025-09-22T09:16:59.667Z] INFO: [122/247] AH3 - 一成機車有限公司 starting...
[2025-09-22T09:17:00.973Z] SUCCESS: [122/247] AH3 - 一成機車有限公司 ✅ done
[2025-09-22T09:17:01.975Z] INFO: [123/247] AH4 - 紘益機車行 starting...
[2025-09-22T09:17:02.806Z] SUCCESS: [123/247] AH4 - 紘益機車行 ✅ done
[2025-09-22T09:17:03.808Z] INFO: [124/247] AH5 - 皇信機車行 starting...
[2025-09-22T09:17:04.196Z] SUCCESS: [124/247] AH5 - 皇信機車行 ✅ done
[2025-09-22T09:17:05.198Z] INFO: [125/247] AH6 - 興陽機車行 starting...
[2025-09-22T09:17:06.513Z] SUCCESS: [125/247] AH6 - 興陽機車行 ✅ done
[2025-09-22T09:17:07.514Z] INFO: [126/247] AH7 - 誠鎰車業行 starting...
[2025-09-22T09:17:08.038Z] SUCCESS: [126/247] AH7 - 誠鎰車業行 ✅ done
[2025-09-22T09:17:09.039Z] INFO: [127/247] AH9 - 翊翔機車行 starting...
[2025-09-22T09:17:09.934Z] SUCCESS: [127/247] AH9 - 翊翔機車行 ✅ done
[2025-09-22T09:17:10.936Z] INFO: [128/247] AI0 - 欣民機車行 starting...
[2025-09-22T09:17:11.398Z] SUCCESS: [128/247] AI0 - 欣民機車行 ✅ done
[2025-09-22T09:17:12.400Z] INFO: [129/247] AI1 - 裕進車業行 starting...
[2025-09-22T09:17:13.264Z] SUCCESS: [129/247] AI1 - 裕進車業行 ✅ done
[2025-09-22T09:17:14.266Z] INFO: [130/247] 106022 - 小林機車行 starting...
[2025-09-22T09:17:14.642Z] SUCCESS: [130/247] 106022 - 小林機車行 ✅ done
[2025-09-22T09:17:15.644Z] INFO: [131/247] AI4 - 協合國際行銷有限公司 starting...
[2025-09-22T09:17:16.598Z] SUCCESS: [131/247] AI4 - 協合國際行銷有限公司 ✅ done
[2025-09-22T09:17:17.599Z] INFO: [132/247] AI5 - 鎧詮機車行 starting...
[2025-09-22T09:17:18.021Z] SUCCESS: [132/247] AI5 - 鎧詮機車行 ✅ done
[2025-09-22T09:17:19.023Z] INFO: [133/247] AI6 - 駿全車坊 starting...
[2025-09-22T09:17:20.326Z] WARNING: [133/247] AI6 - 駿全車坊 ❌ geocoding失敗，需要手動處理
[2025-09-22T09:17:21.327Z] INFO: [134/247] AI7 - 致盛機車行 starting...
[2025-09-22T09:17:21.725Z] SUCCESS: [134/247] AI7 - 致盛機車行 ✅ done
[2025-09-22T09:17:22.727Z] INFO: [135/247] AI8 - 成功車業行 starting...
[2025-09-22T09:17:23.804Z] SUCCESS: [135/247] AI8 - 成功車業行 ✅ done
[2025-09-22T09:17:24.806Z] INFO: [136/247] AI9 - 達成車業有限公司 starting...
[2025-09-22T09:17:25.181Z] SUCCESS: [136/247] AI9 - 達成車業有限公司 ✅ done
[2025-09-22T09:17:26.183Z] INFO: [137/247] AJ1 - 嘉盛車業行 starting...
[2025-09-22T09:17:27.447Z] SUCCESS: [137/247] AJ1 - 嘉盛車業行 ✅ done
[2025-09-22T09:17:28.448Z] INFO: [138/247] AJ2 - 永承車業行 starting...
[2025-09-22T09:17:28.897Z] SUCCESS: [138/247] AJ2 - 永承車業行 ✅ done
[2025-09-22T09:17:29.897Z] INFO: [139/247] AJ3 - 德龍車業行 starting...
[2025-09-22T09:17:31.244Z] SUCCESS: [139/247] AJ3 - 德龍車業行 ✅ done
[2025-09-22T09:17:32.245Z] INFO: [140/247] AJ4 - 俊明機車行 starting...
[2025-09-22T09:17:32.642Z] SUCCESS: [140/247] AJ4 - 俊明機車行 ✅ done
[2025-09-22T09:17:33.643Z] INFO: [141/247] AJ5 - 勵瑩車業有限公司 starting...
[2025-09-22T09:17:34.563Z] SUCCESS: [141/247] AJ5 - 勵瑩車業有限公司 ✅ done
[2025-09-22T09:17:35.565Z] INFO: [142/247] AJ6 - 順達機車行 starting...
[2025-09-22T09:17:35.979Z] SUCCESS: [142/247] AJ6 - 順達機車行 ✅ done
[2025-09-22T09:17:36.981Z] INFO: [143/247] AJ7 - 車強機車行 starting...
[2025-09-22T09:17:37.881Z] SUCCESS: [143/247] AJ7 - 車強機車行 ✅ done
[2025-09-22T09:17:38.882Z] INFO: [144/247] AJ8 - 季祥車業行 starting...
[2025-09-22T09:17:39.336Z] SUCCESS: [144/247] AJ8 - 季祥車業行 ✅ done
[2025-09-22T09:17:40.338Z] INFO: [145/247] AJ9 - 祥和機車行 starting...
[2025-09-22T09:17:41.222Z] SUCCESS: [145/247] AJ9 - 祥和機車行 ✅ done
[2025-09-22T09:17:42.224Z] INFO: [146/247] AK0 - 國真車業有限公司 starting...
[2025-09-22T09:17:42.622Z] WARNING: [146/247] AK0 - 國真車業有限公司 ❌ geocoding失敗，需要手動處理
[2025-09-22T09:17:43.623Z] INFO: [147/247] AK1 - 三沅行車業股份有限公司 starting...
[2025-09-22T09:17:44.528Z] SUCCESS: [147/247] AK1 - 三沅行車業股份有限公司 ✅ done
[2025-09-22T09:17:45.530Z] INFO: [148/247] AK3 - 國裕機車行 starting...
[2025-09-22T09:17:45.925Z] SUCCESS: [148/247] AK3 - 國裕機車行 ✅ done
[2025-09-22T09:17:46.926Z] INFO: [149/247] AK4 - 玟樺機車行 starting...
[2025-09-22T09:17:47.767Z] SUCCESS: [149/247] AK4 - 玟樺機車行 ✅ done
[2025-09-22T09:17:48.768Z] INFO: [150/247] AK5 - 典輪機車行 starting...
[2025-09-22T09:17:49.189Z] SUCCESS: [150/247] AK5 - 典輪機車行 ✅ done
[2025-09-22T09:17:50.190Z] INFO: [151/247] AK6 - 偉翔機車行 starting...
[2025-09-22T09:17:51.185Z] SUCCESS: [151/247] AK6 - 偉翔機車行 ✅ done
[2025-09-22T09:17:52.186Z] INFO: [152/247] AK7 - 展悅機車行 starting...
[2025-09-22T09:17:52.789Z] SUCCESS: [152/247] AK7 - 展悅機車行 ✅ done
[2025-09-22T09:17:53.790Z] INFO: [153/247] AK8 - 僑王機車行 starting...
[2025-09-22T09:17:54.990Z] SUCCESS: [153/247] AK8 - 僑王機車行 ✅ done
[2025-09-22T09:17:55.992Z] INFO: [154/247] AK9 - 鴻吉機車行 starting...
[2025-09-22T09:17:56.409Z] SUCCESS: [154/247] AK9 - 鴻吉機車行 ✅ done
[2025-09-22T09:17:57.410Z] INFO: [155/247] AL0 - 慧昌機車行 starting...
[2025-09-22T09:17:58.235Z] SUCCESS: [155/247] AL0 - 慧昌機車行 ✅ done
[2025-09-22T09:17:59.236Z] INFO: [156/247] AL1 - 駿輝機車行 starting...
[2025-09-22T09:17:59.752Z] SUCCESS: [156/247] AL1 - 駿輝機車行 ✅ done
[2025-09-22T09:18:00.754Z] INFO: [157/247] AL4 - 新鎰昌機車行 starting...
[2025-09-22T09:18:01.999Z] SUCCESS: [157/247] AL4 - 新鎰昌機車行 ✅ done
[2025-09-22T09:18:03.000Z] INFO: [158/247] AL5 - 朝日車業行 starting...
[2025-09-22T09:18:03.499Z] SUCCESS: [158/247] AL5 - 朝日車業行 ✅ done
[2025-09-22T09:18:04.500Z] INFO: [159/247] AL6 - 聯盈機車材料行 starting...
[2025-09-22T09:18:05.729Z] SUCCESS: [159/247] AL6 - 聯盈機車材料行 ✅ done
[2025-09-22T09:18:06.732Z] INFO: [160/247] AL7 - 坤達機車行 starting...
[2025-09-22T09:18:07.140Z] SUCCESS: [160/247] AL7 - 坤達機車行 ✅ done
[2025-09-22T09:18:08.141Z] INFO: [161/247] AL8 - 峻東機車行 starting...
[2025-09-22T09:18:09.478Z] SUCCESS: [161/247] AL8 - 峻東機車行 ✅ done
[2025-09-22T09:18:10.479Z] INFO: [162/247] AL9 - 承鋒車業行 starting...
[2025-09-22T09:18:10.940Z] SUCCESS: [162/247] AL9 - 承鋒車業行 ✅ done
[2025-09-22T09:18:11.942Z] INFO: [163/247] AM0 - 建維機車行 starting...
[2025-09-22T09:18:13.176Z] SUCCESS: [163/247] AM0 - 建維機車行 ✅ done
[2025-09-22T09:18:14.179Z] INFO: [164/247] AM1 - 力鼎機車行 starting...
[2025-09-22T09:18:14.634Z] SUCCESS: [164/247] AM1 - 力鼎機車行 ✅ done
[2025-09-22T09:18:15.635Z] INFO: [165/247] AM2 - 原益車業行 starting...
[2025-09-22T09:18:16.449Z] SUCCESS: [165/247] AM2 - 原益車業行 ✅ done
[2025-09-22T09:18:17.450Z] INFO: [166/247] AM3 - 卉茂實業有限公司 starting...
[2025-09-22T09:18:17.821Z] SUCCESS: [166/247] AM3 - 卉茂實業有限公司 ✅ done
[2025-09-22T09:18:18.823Z] INFO: [167/247] AM4 - 百鉅機車行 starting...
[2025-09-22T09:18:20.151Z] SUCCESS: [167/247] AM4 - 百鉅機車行 ✅ done
[2025-09-22T09:18:21.152Z] INFO: [168/247] AM5 - 豪信機車行 starting...
[2025-09-22T09:18:21.633Z] SUCCESS: [168/247] AM5 - 豪信機車行 ✅ done
[2025-09-22T09:18:22.635Z] INFO: [169/247] AM6 - 泓原彰車業行 starting...
[2025-09-22T09:18:23.544Z] SUCCESS: [169/247] AM6 - 泓原彰車業行 ✅ done
[2025-09-22T09:18:24.545Z] INFO: [170/247] AM7 - 誠鴻機車行 starting...
[2025-09-22T09:18:24.955Z] SUCCESS: [170/247] AM7 - 誠鴻機車行 ✅ done
[2025-09-22T09:18:25.956Z] INFO: [171/247] AM8 - 大利車業行 starting...
[2025-09-22T09:18:27.293Z] SUCCESS: [171/247] AM8 - 大利車業行 ✅ done
[2025-09-22T09:18:28.294Z] INFO: [172/247] AM9 - 樺新車業行 starting...
[2025-09-22T09:18:28.706Z] WARNING: [172/247] AM9 - 樺新車業行 ❌ geocoding失敗，需要手動處理
[2025-09-22T09:18:29.708Z] INFO: [173/247] AN0 - 永全機車行 starting...
[2025-09-22T09:18:30.496Z] SUCCESS: [173/247] AN0 - 永全機車行 ✅ done
[2025-09-22T09:18:31.498Z] INFO: [174/247] AN1 - 浩成機車行 starting...
[2025-09-22T09:18:32.001Z] SUCCESS: [174/247] AN1 - 浩成機車行 ✅ done
[2025-09-22T09:18:33.003Z] INFO: [175/247] AN2 - 飛皇車業行 starting...
[2025-09-22T09:18:34.024Z] SUCCESS: [175/247] AN2 - 飛皇車業行 ✅ done
[2025-09-22T09:18:35.026Z] INFO: [176/247] AN3 - 豪成機車行 starting...
[2025-09-22T09:18:35.382Z] SUCCESS: [176/247] AN3 - 豪成機車行 ✅ done
[2025-09-22T09:18:36.384Z] INFO: [177/247] AN4 - 日輝車業有限公司 starting...
[2025-09-22T09:18:37.282Z] SUCCESS: [177/247] AN4 - 日輝車業有限公司 ✅ done
[2025-09-22T09:18:38.284Z] INFO: [178/247] AN5 - 元信機車行有限公司 starting...
[2025-09-22T09:18:38.740Z] SUCCESS: [178/247] AN5 - 元信機車行有限公司 ✅ done
[2025-09-22T09:18:39.741Z] INFO: [179/247] AN6 - 益昇機車行 starting...
[2025-09-22T09:18:40.668Z] SUCCESS: [179/247] AN6 - 益昇機車行 ✅ done
[2025-09-22T09:18:41.670Z] INFO: [180/247] AN7 - 老羅機車行 starting...
[2025-09-22T09:18:42.031Z] SUCCESS: [180/247] AN7 - 老羅機車行 ✅ done
[2025-09-22T09:18:43.031Z] INFO: [181/247] AN9 - 惠展車業 starting...
[2025-09-22T09:18:44.091Z] SUCCESS: [181/247] AN9 - 惠展車業 ✅ done
[2025-09-22T09:18:45.092Z] INFO: [182/247] AP0 - 米德車業行 starting...
[2025-09-22T09:18:45.499Z] SUCCESS: [182/247] AP0 - 米德車業行 ✅ done
[2025-09-22T09:18:46.501Z] INFO: [183/247] AP1 - 迅誠機車行 starting...
[2025-09-22T09:18:47.747Z] SUCCESS: [183/247] AP1 - 迅誠機車行 ✅ done
[2025-09-22T09:18:48.749Z] INFO: [184/247] AP2 - 新星機車行 starting...
[2025-09-22T09:18:49.187Z] SUCCESS: [184/247] AP2 - 新星機車行 ✅ done
[2025-09-22T09:18:50.188Z] INFO: [185/247] AP3 - 草山車業 starting...
[2025-09-22T09:18:51.107Z] SUCCESS: [185/247] AP3 - 草山車業 ✅ done
[2025-09-22T09:18:52.109Z] INFO: [186/247] AP4 - 德客隆機車行 starting...
[2025-09-22T09:18:52.484Z] SUCCESS: [186/247] AP4 - 德客隆機車行 ✅ done
[2025-09-22T09:18:53.486Z] INFO: [187/247] AP5 - 尚勇車業行 starting...
[2025-09-22T09:18:54.332Z] SUCCESS: [187/247] AP5 - 尚勇車業行 ✅ done
[2025-09-22T09:18:55.334Z] INFO: [188/247] AP6 - 嘉駿機車行 starting...
[2025-09-22T09:18:55.734Z] SUCCESS: [188/247] AP6 - 嘉駿機車行 ✅ done
[2025-09-22T09:18:56.736Z] INFO: [189/247] AP7 - 翔偉機車行 starting...
[2025-09-22T09:18:57.815Z] SUCCESS: [189/247] AP7 - 翔偉機車行 ✅ done
[2025-09-22T09:18:58.816Z] INFO: [190/247] AP8 - 福星機車行 starting...
[2025-09-22T09:18:59.351Z] SUCCESS: [190/247] AP8 - 福星機車行 ✅ done
[2025-09-22T09:19:00.353Z] INFO: [191/247] AQ0 - 北大機車材料行 starting...
[2025-09-22T09:19:01.534Z] SUCCESS: [191/247] AQ0 - 北大機車材料行 ✅ done
[2025-09-22T09:19:02.535Z] INFO: [192/247] AQ1 - 家育車業行 starting...
[2025-09-22T09:19:02.938Z] SUCCESS: [192/247] AQ1 - 家育車業行 ✅ done
[2025-09-22T09:19:03.940Z] INFO: [193/247] AQ3 - 三漾輪業行 starting...
[2025-09-22T09:19:05.299Z] SUCCESS: [193/247] AQ3 - 三漾輪業行 ✅ done
[2025-09-22T09:19:06.300Z] INFO: [194/247] AQ4 - 合展車業行 starting...
[2025-09-22T09:19:06.699Z] SUCCESS: [194/247] AQ4 - 合展車業行 ✅ done
[2025-09-22T09:19:07.700Z] INFO: [195/247] AQ5 - 立偉成有限公司 starting...
[2025-09-22T09:19:08.589Z] SUCCESS: [195/247] AQ5 - 立偉成有限公司 ✅ done
[2025-09-22T09:19:09.591Z] INFO: [196/247] AQ6 - 內湖車業有限公司 starting...
[2025-09-22T09:19:10.247Z] SUCCESS: [196/247] AQ6 - 內湖車業有限公司 ✅ done
[2025-09-22T09:19:11.248Z] INFO: [197/247] AQ7 - 法仕德車業有限公司 starting...
[2025-09-22T09:19:12.582Z] SUCCESS: [197/247] AQ7 - 法仕德車業有限公司 ✅ done
[2025-09-22T09:19:13.583Z] INFO: [198/247] AQ8 - 摩都車業行 starting...
[2025-09-22T09:19:14.026Z] SUCCESS: [198/247] AQ8 - 摩都車業行 ✅ done
[2025-09-22T09:19:15.028Z] INFO: [199/247] AQ9 - 光明車業有限公司 starting...
[2025-09-22T09:19:16.311Z] SUCCESS: [199/247] AQ9 - 光明車業有限公司 ✅ done
[2025-09-22T09:19:17.313Z] INFO: [200/247] AR0 - 三光機車行 starting...
[2025-09-22T09:19:17.799Z] SUCCESS: [200/247] AR0 - 三光機車行 ✅ done
[2025-09-22T09:19:18.800Z] INFO: [201/247] AR1 - 永景機車材料行 starting...
[2025-09-22T09:19:20.730Z] SUCCESS: [201/247] AR1 - 永景機車材料行 ✅ done
[2025-09-22T09:19:21.732Z] INFO: [202/247] AR2 - 進(吉吉)車業行 starting...
[2025-09-22T09:19:22.056Z] SUCCESS: [202/247] AR2 - 進(吉吉)車業行 ✅ done
[2025-09-22T09:19:23.058Z] INFO: [203/247] AR3 - 金里車行 starting...
[2025-09-22T09:19:23.871Z] SUCCESS: [203/247] AR3 - 金里車行 ✅ done
[2025-09-22T09:19:24.873Z] INFO: [204/247] AR4 - 永盛機車行 starting...
[2025-09-22T09:19:25.369Z] SUCCESS: [204/247] AR4 - 永盛機車行 ✅ done
[2025-09-22T09:19:26.371Z] INFO: [205/247] AR5 - 立暉機車行 starting...
[2025-09-22T09:19:27.707Z] SUCCESS: [205/247] AR5 - 立暉機車行 ✅ done
[2025-09-22T09:19:28.709Z] INFO: [206/247] AR6 - 世貿機車材料行 starting...
[2025-09-22T09:19:29.229Z] SUCCESS: [206/247] AR6 - 世貿機車材料行 ✅ done
[2025-09-22T09:19:30.230Z] INFO: [207/247] AR7 - 旭順車業行 starting...
[2025-09-22T09:19:31.162Z] SUCCESS: [207/247] AR7 - 旭順車業行 ✅ done
[2025-09-22T09:19:32.163Z] INFO: [208/247] AR8 - 龍杰車業行 starting...
[2025-09-22T09:19:32.586Z] SUCCESS: [208/247] AR8 - 龍杰車業行 ✅ done
[2025-09-22T09:19:33.588Z] INFO: [209/247] AR9 - 興羨機車行 starting...
[2025-09-22T09:19:34.899Z] SUCCESS: [209/247] AR9 - 興羨機車行 ✅ done
[2025-09-22T09:19:35.900Z] INFO: [210/247] AS1 - 千豐車業行 starting...
[2025-09-22T09:19:36.354Z] SUCCESS: [210/247] AS1 - 千豐車業行 ✅ done
[2025-09-22T09:19:37.355Z] INFO: [211/247] AS2 - 崇盛機車行 starting...
[2025-09-22T09:19:38.246Z] SUCCESS: [211/247] AS2 - 崇盛機車行 ✅ done
[2025-09-22T09:19:39.248Z] INFO: [212/247] AS3 - 雄偉機車行 starting...
[2025-09-22T09:19:39.648Z] SUCCESS: [212/247] AS3 - 雄偉機車行 ✅ done
[2025-09-22T09:19:40.649Z] INFO: [213/247] AS5 - 冠頡車業行 starting...
[2025-09-22T09:19:41.508Z] SUCCESS: [213/247] AS5 - 冠頡車業行 ✅ done
[2025-09-22T09:19:42.510Z] INFO: [214/247] AS6 - 學生機車行有限公司 starting...
[2025-09-22T09:19:42.914Z] SUCCESS: [214/247] AS6 - 學生機車行有限公司 ✅ done
[2025-09-22T09:19:43.916Z] INFO: [215/247] AS7 - 祥瑞車業行 starting...
[2025-09-22T09:19:45.227Z] SUCCESS: [215/247] AS7 - 祥瑞車業行 ✅ done
[2025-09-22T09:19:46.229Z] INFO: [216/247] AS8 - 祥銘機車行 starting...
[2025-09-22T09:19:46.625Z] SUCCESS: [216/247] AS8 - 祥銘機車行 ✅ done
[2025-09-22T09:19:47.627Z] INFO: [217/247] AS9 - 吉全機車行 starting...
[2025-09-22T09:19:48.479Z] SUCCESS: [217/247] AS9 - 吉全機車行 ✅ done
[2025-09-22T09:19:49.480Z] INFO: [218/247] AT0 - 展旗車業行 starting...
[2025-09-22T09:19:49.867Z] SUCCESS: [218/247] AT0 - 展旗車業行 ✅ done
[2025-09-22T09:19:50.869Z] INFO: [219/247] AT1 - 百傑車業行 starting...
[2025-09-22T09:19:51.809Z] SUCCESS: [219/247] AT1 - 百傑車業行 ✅ done
[2025-09-22T09:19:52.810Z] INFO: [220/247] AT2 - 景隆機車有限公司 starting...
[2025-09-22T09:19:53.254Z] SUCCESS: [220/247] AT2 - 景隆機車有限公司 ✅ done
[2025-09-22T09:19:54.255Z] INFO: [221/247] AT3 - 三之三車業有限公司 starting...
[2025-09-22T09:19:55.507Z] SUCCESS: [221/247] AT3 - 三之三車業有限公司 ✅ done
[2025-09-22T09:19:56.509Z] INFO: [222/247] AT4 - 正泓機車行 starting...
[2025-09-22T09:19:57.110Z] SUCCESS: [222/247] AT4 - 正泓機車行 ✅ done
[2025-09-22T09:19:58.111Z] INFO: [223/247] AT5 - 伍邦車業 starting...
[2025-09-22T09:19:58.941Z] SUCCESS: [223/247] AT5 - 伍邦車業 ✅ done
[2025-09-22T09:19:59.942Z] INFO: [224/247] AT6 - 豪展機車行 starting...
[2025-09-22T09:20:00.372Z] SUCCESS: [224/247] AT6 - 豪展機車行 ✅ done
[2025-09-22T09:20:01.374Z] INFO: [225/247] AT7 - 大仁機車行 starting...
[2025-09-22T09:20:02.201Z] SUCCESS: [225/247] AT7 - 大仁機車行 ✅ done
[2025-09-22T09:20:03.203Z] INFO: [226/247] AT8 - 政辰車業行 starting...
[2025-09-22T09:20:03.634Z] SUCCESS: [226/247] AT8 - 政辰車業行 ✅ done
[2025-09-22T09:20:04.636Z] INFO: [227/247] AT9 - 熊大車業行 starting...
[2025-09-22T09:20:05.561Z] SUCCESS: [227/247] AT9 - 熊大車業行 ✅ done
[2025-09-22T09:20:06.562Z] INFO: [228/247] AU0 - 東和機車有限公司 starting...
[2025-09-22T09:20:07.031Z] SUCCESS: [228/247] AU0 - 東和機車有限公司 ✅ done
[2025-09-22T09:20:08.032Z] INFO: [229/247] AU1 - 聖平車業行 starting...
[2025-09-22T09:20:08.966Z] SUCCESS: [229/247] AU1 - 聖平車業行 ✅ done
[2025-09-22T09:20:09.967Z] INFO: [230/247] AU2 - 英詮機車行 starting...
[2025-09-22T09:20:11.236Z] SUCCESS: [230/247] AU2 - 英詮機車行 ✅ done
[2025-09-22T09:20:12.237Z] INFO: [231/247] AU3 - 良偉機車行 starting...
[2025-09-22T09:20:13.115Z] SUCCESS: [231/247] AU3 - 良偉機車行 ✅ done
[2025-09-22T09:20:14.117Z] INFO: [232/247] AU4 - 健展車業行 starting...
[2025-09-22T09:20:14.463Z] SUCCESS: [232/247] AU4 - 健展車業行 ✅ done
[2025-09-22T09:20:15.465Z] INFO: [233/247] AU5 - 龍騰車業行 starting...
[2025-09-22T09:20:16.372Z] SUCCESS: [233/247] AU5 - 龍騰車業行 ✅ done
[2025-09-22T09:20:17.374Z] INFO: [234/247] AU6 - 致盛國際車業有限公司 starting...
[2025-09-22T09:20:17.756Z] SUCCESS: [234/247] AU6 - 致盛國際車業有限公司 ✅ done
[2025-09-22T09:20:18.759Z] INFO: [235/247] AU7 - 凱聿車業有限公司 starting...
[2025-09-22T09:20:20.067Z] SUCCESS: [235/247] AU7 - 凱聿車業有限公司 ✅ done
[2025-09-22T09:20:21.069Z] INFO: [236/247] AU8 - 振昇機車行 starting...
[2025-09-22T09:20:21.476Z] SUCCESS: [236/247] AU8 - 振昇機車行 ✅ done
[2025-09-22T09:20:22.477Z] INFO: [237/247] AU9 - 金順機車行 starting...
[2025-09-22T09:20:23.467Z] SUCCESS: [237/247] AU9 - 金順機車行 ✅ done
[2025-09-22T09:20:24.468Z] INFO: [238/247] AV0 - 丞時機車行 starting...
[2025-09-22T09:20:25.372Z] SUCCESS: [238/247] AV0 - 丞時機車行 ✅ done
[2025-09-22T09:20:26.373Z] INFO: [239/247] AV1 - 禾錡車業行 starting...
[2025-09-22T09:20:27.363Z] SUCCESS: [239/247] AV1 - 禾錡車業行 ✅ done
[2025-09-22T09:20:28.364Z] INFO: [240/247] AV2 - 孟軒機車行 starting...
[2025-09-22T09:20:28.787Z] SUCCESS: [240/247] AV2 - 孟軒機車行 ✅ done
[2025-09-22T09:20:29.788Z] INFO: [241/247] AV3 - 動力羊機車部品開發有限公司 starting...
[2025-09-22T09:20:31.092Z] SUCCESS: [241/247] AV3 - 動力羊機車部品開發有限公司 ✅ done
[2025-09-22T09:20:32.094Z] INFO: [242/247] AV4 - 鑫勝車業行 starting...
[2025-09-22T09:20:32.481Z] SUCCESS: [242/247] AV4 - 鑫勝車業行 ✅ done
[2025-09-22T09:20:33.483Z] INFO: [243/247] AV5 - 德興鑫車業行 starting...
[2025-09-22T09:20:34.511Z] SUCCESS: [243/247] AV5 - 德興鑫車業行 ✅ done
[2025-09-22T09:20:35.513Z] INFO: [244/247] AV6 - 辰昶機車行 starting...
[2025-09-22T09:20:36.003Z] SUCCESS: [244/247] AV6 - 辰昶機車行 ✅ done
[2025-09-22T09:20:37.004Z] INFO: [245/247] AV7 - 原馳機車行 starting...
[2025-09-22T09:20:37.948Z] SUCCESS: [245/247] AV7 - 原馳機車行 ✅ done
[2025-09-22T09:20:38.949Z] INFO: [246/247] AV8 - 聲豪機車行 starting...
[2025-09-22T09:20:39.285Z] SUCCESS: [246/247] AV8 - 聲豪機車行 ✅ done
[2025-09-22T09:20:40.287Z] INFO: [247/247] AV9 - 人豪機車行 starting...
[2025-09-22T09:20:41.211Z] SUCCESS: [247/247] AV9 - 人豪機車行 ✅ done
[2025-09-22T09:20:41.211Z] INFO: 
📊 執行完成統計:
  - 需要geocoding: 247筆
  - 成功: 244筆 (98.8%)
  - 失敗: 3筆 (1.2%)
  - 需手動處理的站點: 3家
    
{
  "stats": {
    "total": 247,
    "success": 244,
    "failed": 3,
    "failedStations": [
      {
        "id": "AI6",
        "name": "駿全車坊",
        "address": "臺北市大安區市民大道4段22號"
      },
      {
        "id": "AK0",
        "name": "國真車業有限公司",
        "address": "臺北市大同區哈密街63巷1號"
      },
      {
        "id": "AM9",
        "name": "樺新車業行",
        "address": "臺北市大安區市民大道4段64號"
      }
    ]
  },
  "failedStations": [
    {
      "id": "AI6",
      "name": "駿全車坊",
      "address": "臺北市大安區市民大道4段22號"
    },
    {
      "id": "AK0",
      "name": "國真車業有限公司",
      "address": "臺北市大同區哈密街63巷1號"
    },
    {
      "id": "AM9",
      "name": "樺新車業行",
      "address": "臺北市大安區市民大道4段64號"
    }
  ]
}
[2025-09-22T09:20:41.212Z] WARNING: 
❌ 需要手動處理的檢驗站:
[2025-09-22T09:20:41.212Z] WARNING:   - AI6: 駿全車坊 (臺北市大安區市民大道4段22號)
[2025-09-22T09:20:41.212Z] WARNING:   - AK0: 國真車業有限公司 (臺北市大同區哈密街63巷1號)
[2025-09-22T09:20:41.212Z] WARNING:   - AM9: 樺新車業行 (臺北市大安區市民大道4段64號)
